[debug] [2025-05-23T03:53:49.062Z] ----------------------------------------------------------------------
[debug] [2025-05-23T03:53:49.064Z] Command:       /usr/local/share/nvm/versions/node/v20.19.0/bin/node /home/codespace/nvm/current/bin/firebase deploy --only functions --debug
[debug] [2025-05-23T03:53:49.064Z] CLI Version:   14.4.0
[debug] [2025-05-23T03:53:49.064Z] Platform:      linux
[debug] [2025-05-23T03:53:49.064Z] Node Version:  v20.19.0
[debug] [2025-05-23T03:53:49.064Z] Time:          Fri May 23 2025 03:53:49 GMT+0000 (Coordinated Universal Time)
[debug] [2025-05-23T03:53:49.064Z] Env Overrides: GITHUB_API_URL, GITHUB_API_URL
[debug] [2025-05-23T03:53:49.065Z] ----------------------------------------------------------------------
[debug] 
[debug] [2025-05-23T03:53:49.335Z] > command requires scopes: ["email","openid","https://www.googleapis.com/auth/cloudplatformprojects.readonly","https://www.googleapis.com/auth/firebase","https://www.googleapis.com/auth/cloud-platform"]
[debug] [2025-05-23T03:53:49.337Z] > authorizing via signed-in user (mdleblanc4@gmail.com)
[debug] [2025-05-23T03:53:49.337Z] [iam] checking project wellfit-community for permissions ["cloudfunctions.functions.create","cloudfunctions.functions.delete","cloudfunctions.functions.get","cloudfunctions.functions.list","cloudfunctions.functions.update","cloudfunctions.operations.get","firebase.projects.get"]
[debug] [2025-05-23T03:53:49.338Z] Checked if tokens are valid: false, expires at: 1747972877660
[debug] [2025-05-23T03:53:49.338Z] Checked if tokens are valid: false, expires at: 1747972877660
[debug] [2025-05-23T03:53:49.338Z] > refreshing access token with scopes: []
[debug] [2025-05-23T03:53:49.340Z] >>> [apiv2][query] POST https://www.googleapis.com/oauth2/v3/token [none]
[debug] [2025-05-23T03:53:49.340Z] >>> [apiv2][body] POST https://www.googleapis.com/oauth2/v3/token [omitted]
[debug] [2025-05-23T03:53:49.484Z] <<< [apiv2][status] POST https://www.googleapis.com/oauth2/v3/token 200
[debug] [2025-05-23T03:53:49.484Z] <<< [apiv2][body] POST https://www.googleapis.com/oauth2/v3/token [omitted]
[debug] [2025-05-23T03:53:49.490Z] >>> [apiv2][query] POST https://cloudresourcemanager.googleapis.com/v1/projects/wellfit-community:testIamPermissions [none]
[debug] [2025-05-23T03:53:49.490Z] >>> [apiv2][(partial)header] POST https://cloudresourcemanager.googleapis.com/v1/projects/wellfit-community:testIamPermissions x-goog-quota-user=projects/wellfit-community
[debug] [2025-05-23T03:53:49.490Z] >>> [apiv2][body] POST https://cloudresourcemanager.googleapis.com/v1/projects/wellfit-community:testIamPermissions {"permissions":["cloudfunctions.functions.create","cloudfunctions.functions.delete","cloudfunctions.functions.get","cloudfunctions.functions.list","cloudfunctions.functions.update","cloudfunctions.operations.get","firebase.projects.get"]}
[debug] [2025-05-23T03:53:49.725Z] <<< [apiv2][status] POST https://cloudresourcemanager.googleapis.com/v1/projects/wellfit-community:testIamPermissions 200
[debug] [2025-05-23T03:53:49.725Z] <<< [apiv2][body] POST https://cloudresourcemanager.googleapis.com/v1/projects/wellfit-community:testIamPermissions {"permissions":["cloudfunctions.functions.create","cloudfunctions.functions.delete","cloudfunctions.functions.get","cloudfunctions.functions.list","cloudfunctions.functions.update","cloudfunctions.operations.get","firebase.projects.get"]}
[debug] [2025-05-23T03:53:49.726Z] Checked if tokens are valid: true, expires at: 1747976028485
[debug] [2025-05-23T03:53:49.726Z] Checked if tokens are valid: true, expires at: 1747976028485
[debug] [2025-05-23T03:53:49.726Z] >>> [apiv2][query] POST https://iam.googleapis.com/v1/projects/wellfit-community/serviceAccounts/wellfit-community@appspot.gserviceaccount.com:testIamPermissions [none]
[debug] [2025-05-23T03:53:49.726Z] >>> [apiv2][body] POST https://iam.googleapis.com/v1/projects/wellfit-community/serviceAccounts/wellfit-community@appspot.gserviceaccount.com:testIamPermissions {"permissions":["iam.serviceAccounts.actAs"]}
[debug] [2025-05-23T03:53:50.069Z] <<< [apiv2][status] POST https://iam.googleapis.com/v1/projects/wellfit-community/serviceAccounts/wellfit-community@appspot.gserviceaccount.com:testIamPermissions 200
[debug] [2025-05-23T03:53:50.070Z] <<< [apiv2][body] POST https://iam.googleapis.com/v1/projects/wellfit-community/serviceAccounts/wellfit-community@appspot.gserviceaccount.com:testIamPermissions {"permissions":["iam.serviceAccounts.actAs"]}
[info] 
[info] === Deploying to 'wellfit-community'...
[info] 
[info] i  deploying functions 
[info] Running command: npm --prefix "$RESOURCE_DIR" run lint
[info] Running command: npm --prefix "$RESOURCE_DIR" run build
[error] 
[error] Error: functions predeploy error: Command terminated with non-zero exit code 2
